<?xml version="1.0" encoding="UTF-8"?>
<testsuite xmlns:xsi="http://www.w3.org/2001/XMLSchema-instance" xsi:noNamespaceSchemaLocation="https://maven.apache.org/surefire/maven-surefire-plugin/xsd/surefire-test-report.xsd" name="rhsso.authenticator.challenge.PUKChallengeTest" time="0.542" tests="5" errors="0" skipped="0" failures="0">
  <properties>
    <property name="gopherProxySet" value="false"/>
    <property name="awt.toolkit" value="sun.lwawt.macosx.LWCToolkit"/>
    <property name="file.encoding.pkg" value="sun.io"/>
    <property name="java.specification.version" value="1.8"/>
    <property name="sun.cpu.isalist" value=""/>
    <property name="sun.jnu.encoding" value="UTF-8"/>
    <property name="java.class.path" value="/Users/pshah/redhat_projects/DAFM/internal/puk-auth-spi/target/test-classes:/Users/pshah/redhat_projects/DAFM/internal/puk-auth-spi/target/classes:/Users/pshah/.m2/repository/org/keycloak/keycloak-core/6.0.1/keycloak-core-6.0.1.jar:/Users/pshah/.m2/repository/org/keycloak/keycloak-common/6.0.1/keycloak-common-6.0.1.jar:/Users/pshah/.m2/repository/org/bouncycastle/bcprov-jdk15on/1.60/bcprov-jdk15on-1.60.jar:/Users/pshah/.m2/repository/org/bouncycastle/bcpkix-jdk15on/1.60/bcpkix-jdk15on-1.60.jar:/Users/pshah/.m2/repository/com/fasterxml/jackson/core/jackson-core/2.9.8/jackson-core-2.9.8.jar:/Users/pshah/.m2/repository/com/fasterxml/jackson/core/jackson-databind/2.9.8/jackson-databind-2.9.8.jar:/Users/pshah/.m2/repository/com/fasterxml/jackson/core/jackson-annotations/2.9.0/jackson-annotations-2.9.0.jar:/Users/pshah/.m2/repository/org/junit/jupiter/junit-jupiter-api/5.4.2/junit-jupiter-api-5.4.2.jar:/Users/pshah/.m2/repository/org/apiguardian/apiguardian-api/1.0.0/apiguardian-api-1.0.0.jar:/Users/pshah/.m2/repository/org/opentest4j/opentest4j/1.1.1/opentest4j-1.1.1.jar:/Users/pshah/.m2/repository/org/junit/platform/junit-platform-commons/1.4.2/junit-platform-commons-1.4.2.jar:/Users/pshah/.m2/repository/org/junit/jupiter/junit-jupiter-engine/5.4.2/junit-jupiter-engine-5.4.2.jar:/Users/pshah/.m2/repository/org/junit/platform/junit-platform-engine/1.4.2/junit-platform-engine-1.4.2.jar:/Users/pshah/.m2/repository/org/mockito/mockito-core/2.7.7/mockito-core-2.7.7.jar:/Users/pshah/.m2/repository/net/bytebuddy/byte-buddy/1.6.5/byte-buddy-1.6.5.jar:/Users/pshah/.m2/repository/net/bytebuddy/byte-buddy-agent/1.6.5/byte-buddy-agent-1.6.5.jar:/Users/pshah/.m2/repository/org/objenesis/objenesis/2.5/objenesis-2.5.jar:/Users/pshah/.m2/repository/org/keycloak/keycloak-server-spi/6.0.1/keycloak-server-spi-6.0.1.jar:/Users/pshah/.m2/repository/org/keycloak/keycloak-server-spi-private/6.0.1/keycloak-server-spi-private-6.0.1.jar:/Users/pshah/.m2/repository/org/jboss/spec/javax/ws/rs/jboss-jaxrs-api_2.0_spec/1.0.1.Final/jboss-jaxrs-api_2.0_spec-1.0.1.Final.jar:/Users/pshah/.m2/repository/org/json/json/20180813/json-20180813.jar:/Users/pshah/.m2/repository/org/jboss/resteasy/resteasy-jaxrs/2.3.10.Final/resteasy-jaxrs-2.3.10.Final.jar:/Users/pshah/.m2/repository/org/jboss/resteasy/jaxrs-api/2.3.10.Final/jaxrs-api-2.3.10.Final.jar:/Users/pshah/.m2/repository/org/scannotation/scannotation/1.0.3/scannotation-1.0.3.jar:/Users/pshah/.m2/repository/javassist/javassist/3.12.1.GA/javassist-3.12.1.GA.jar:/Users/pshah/.m2/repository/javax/annotation/jsr250-api/1.0/jsr250-api-1.0.jar:/Users/pshah/.m2/repository/javax/activation/activation/1.1/activation-1.1.jar:/Users/pshah/.m2/repository/org/apache/httpcomponents/httpclient/4.2.6/httpclient-4.2.6.jar:/Users/pshah/.m2/repository/org/apache/httpcomponents/httpcore/4.2.5/httpcore-4.2.5.jar:/Users/pshah/.m2/repository/commons-codec/commons-codec/1.6/commons-codec-1.6.jar:/Users/pshah/.m2/repository/commons-io/commons-io/1.4/commons-io-1.4.jar:/Users/pshah/.m2/repository/net/jcip/jcip-annotations/1.0/jcip-annotations-1.0.jar:/Users/pshah/.m2/repository/junit/junit/3.8.1/junit-3.8.1.jar:/Users/pshah/.m2/repository/com/google/flogger/flogger-system-backend/0.4/flogger-system-backend-0.4.jar:/Users/pshah/.m2/repository/com/google/flogger/flogger/0.4/flogger-0.4.jar:/Users/pshah/.m2/repository/com/google/code/findbugs/jsr305/3.0.1/jsr305-3.0.1.jar:"/>
    <property name="java.vm.vendor" value="Oracle Corporation"/>
    <property name="sun.arch.data.model" value="64"/>
    <property name="java.vendor.url" value="http://java.oracle.com/"/>
    <property name="user.timezone" value=""/>
    <property name="java.vm.specification.version" value="1.8"/>
    <property name="os.name" value="Mac OS X"/>
    <property name="user.country" value="IE"/>
    <property name="sun.java.launcher" value="SUN_STANDARD"/>
    <property name="sun.boot.library.path" value="/Library/Java/JavaVirtualMachines/jdk1.8.0_91.jdk/Contents/Home/jre/lib"/>
    <property name="sun.java.command" value="/Users/pshah/redhat_projects/DAFM/internal/puk-auth-spi/target/surefire/surefirebooter7119241366104890525.jar /Users/pshah/redhat_projects/DAFM/internal/puk-auth-spi/target/surefire 2019-11-21T12-58-16_471-jvmRun1 surefire7487032241563095133tmp surefire_07118169530784063020tmp"/>
    <property name="http.nonProxyHosts" value="local|*.local|169.254/16|*.169.254/16"/>
    <property name="surefire.test.class.path" value="/Users/pshah/redhat_projects/DAFM/internal/puk-auth-spi/target/test-classes:/Users/pshah/redhat_projects/DAFM/internal/puk-auth-spi/target/classes:/Users/pshah/.m2/repository/org/keycloak/keycloak-core/6.0.1/keycloak-core-6.0.1.jar:/Users/pshah/.m2/repository/org/keycloak/keycloak-common/6.0.1/keycloak-common-6.0.1.jar:/Users/pshah/.m2/repository/org/bouncycastle/bcprov-jdk15on/1.60/bcprov-jdk15on-1.60.jar:/Users/pshah/.m2/repository/org/bouncycastle/bcpkix-jdk15on/1.60/bcpkix-jdk15on-1.60.jar:/Users/pshah/.m2/repository/com/fasterxml/jackson/core/jackson-core/2.9.8/jackson-core-2.9.8.jar:/Users/pshah/.m2/repository/com/fasterxml/jackson/core/jackson-databind/2.9.8/jackson-databind-2.9.8.jar:/Users/pshah/.m2/repository/com/fasterxml/jackson/core/jackson-annotations/2.9.0/jackson-annotations-2.9.0.jar:/Users/pshah/.m2/repository/org/junit/jupiter/junit-jupiter-api/5.4.2/junit-jupiter-api-5.4.2.jar:/Users/pshah/.m2/repository/org/apiguardian/apiguardian-api/1.0.0/apiguardian-api-1.0.0.jar:/Users/pshah/.m2/repository/org/opentest4j/opentest4j/1.1.1/opentest4j-1.1.1.jar:/Users/pshah/.m2/repository/org/junit/platform/junit-platform-commons/1.4.2/junit-platform-commons-1.4.2.jar:/Users/pshah/.m2/repository/org/junit/jupiter/junit-jupiter-engine/5.4.2/junit-jupiter-engine-5.4.2.jar:/Users/pshah/.m2/repository/org/junit/platform/junit-platform-engine/1.4.2/junit-platform-engine-1.4.2.jar:/Users/pshah/.m2/repository/org/mockito/mockito-core/2.7.7/mockito-core-2.7.7.jar:/Users/pshah/.m2/repository/net/bytebuddy/byte-buddy/1.6.5/byte-buddy-1.6.5.jar:/Users/pshah/.m2/repository/net/bytebuddy/byte-buddy-agent/1.6.5/byte-buddy-agent-1.6.5.jar:/Users/pshah/.m2/repository/org/objenesis/objenesis/2.5/objenesis-2.5.jar:/Users/pshah/.m2/repository/org/keycloak/keycloak-server-spi/6.0.1/keycloak-server-spi-6.0.1.jar:/Users/pshah/.m2/repository/org/keycloak/keycloak-server-spi-private/6.0.1/keycloak-server-spi-private-6.0.1.jar:/Users/pshah/.m2/repository/org/jboss/spec/javax/ws/rs/jboss-jaxrs-api_2.0_spec/1.0.1.Final/jboss-jaxrs-api_2.0_spec-1.0.1.Final.jar:/Users/pshah/.m2/repository/org/json/json/20180813/json-20180813.jar:/Users/pshah/.m2/repository/org/jboss/resteasy/resteasy-jaxrs/2.3.10.Final/resteasy-jaxrs-2.3.10.Final.jar:/Users/pshah/.m2/repository/org/jboss/resteasy/jaxrs-api/2.3.10.Final/jaxrs-api-2.3.10.Final.jar:/Users/pshah/.m2/repository/org/scannotation/scannotation/1.0.3/scannotation-1.0.3.jar:/Users/pshah/.m2/repository/javassist/javassist/3.12.1.GA/javassist-3.12.1.GA.jar:/Users/pshah/.m2/repository/javax/annotation/jsr250-api/1.0/jsr250-api-1.0.jar:/Users/pshah/.m2/repository/javax/activation/activation/1.1/activation-1.1.jar:/Users/pshah/.m2/repository/org/apache/httpcomponents/httpclient/4.2.6/httpclient-4.2.6.jar:/Users/pshah/.m2/repository/org/apache/httpcomponents/httpcore/4.2.5/httpcore-4.2.5.jar:/Users/pshah/.m2/repository/commons-codec/commons-codec/1.6/commons-codec-1.6.jar:/Users/pshah/.m2/repository/commons-io/commons-io/1.4/commons-io-1.4.jar:/Users/pshah/.m2/repository/net/jcip/jcip-annotations/1.0/jcip-annotations-1.0.jar:/Users/pshah/.m2/repository/junit/junit/3.8.1/junit-3.8.1.jar:/Users/pshah/.m2/repository/com/google/flogger/flogger-system-backend/0.4/flogger-system-backend-0.4.jar:/Users/pshah/.m2/repository/com/google/flogger/flogger/0.4/flogger-0.4.jar:/Users/pshah/.m2/repository/com/google/code/findbugs/jsr305/3.0.1/jsr305-3.0.1.jar:"/>
    <property name="sun.cpu.endian" value="little"/>
    <property name="user.home" value="/Users/pshah"/>
    <property name="user.language" value="en"/>
    <property name="java.specification.vendor" value="Oracle Corporation"/>
    <property name="java.home" value="/Library/Java/JavaVirtualMachines/jdk1.8.0_91.jdk/Contents/Home/jre"/>
    <property name="basedir" value="/Users/pshah/redhat_projects/DAFM/internal/puk-auth-spi"/>
    <property name="file.separator" value="/"/>
    <property name="line.separator" value="&#10;"/>
    <property name="java.vm.specification.vendor" value="Oracle Corporation"/>
    <property name="java.specification.name" value="Java Platform API Specification"/>
    <property name="java.awt.graphicsenv" value="sun.awt.CGraphicsEnvironment"/>
    <property name="surefire.real.class.path" value="/Users/pshah/redhat_projects/DAFM/internal/puk-auth-spi/target/surefire/surefirebooter7119241366104890525.jar"/>
    <property name="sun.boot.class.path" value="/Library/Java/JavaVirtualMachines/jdk1.8.0_91.jdk/Contents/Home/jre/lib/resources.jar:/Library/Java/JavaVirtualMachines/jdk1.8.0_91.jdk/Contents/Home/jre/lib/rt.jar:/Library/Java/JavaVirtualMachines/jdk1.8.0_91.jdk/Contents/Home/jre/lib/sunrsasign.jar:/Library/Java/JavaVirtualMachines/jdk1.8.0_91.jdk/Contents/Home/jre/lib/jsse.jar:/Library/Java/JavaVirtualMachines/jdk1.8.0_91.jdk/Contents/Home/jre/lib/jce.jar:/Library/Java/JavaVirtualMachines/jdk1.8.0_91.jdk/Contents/Home/jre/lib/charsets.jar:/Library/Java/JavaVirtualMachines/jdk1.8.0_91.jdk/Contents/Home/jre/lib/jfr.jar:/Library/Java/JavaVirtualMachines/jdk1.8.0_91.jdk/Contents/Home/jre/classes"/>
    <property name="sun.management.compiler" value="HotSpot 64-Bit Tiered Compilers"/>
    <property name="ftp.nonProxyHosts" value="local|*.local|169.254/16|*.169.254/16"/>
    <property name="java.runtime.version" value="1.8.0_91-b14"/>
    <property name="user.name" value="pshah"/>
    <property name="path.separator" value=":"/>
    <property name="os.version" value="10.13.6"/>
    <property name="java.endorsed.dirs" value="/Library/Java/JavaVirtualMachines/jdk1.8.0_91.jdk/Contents/Home/jre/lib/endorsed"/>
    <property name="java.runtime.name" value="Java(TM) SE Runtime Environment"/>
    <property name="file.encoding" value="UTF-8"/>
    <property name="java.vm.name" value="Java HotSpot(TM) 64-Bit Server VM"/>
    <property name="localRepository" value="/Users/pshah/.m2/repository"/>
    <property name="java.vendor.url.bug" value="http://bugreport.sun.com/bugreport/"/>
    <property name="java.io.tmpdir" value="/var/folders/t9/5wcpvz5s7gd8zvpy2n7l5myc0000gn/T/"/>
    <property name="java.version" value="1.8.0_91"/>
    <property name="user.dir" value="/Users/pshah/redhat_projects/DAFM/internal/puk-auth-spi"/>
    <property name="os.arch" value="x86_64"/>
    <property name="java.vm.specification.name" value="Java Virtual Machine Specification"/>
    <property name="java.awt.printerjob" value="sun.lwawt.macosx.CPrinterJob"/>
    <property name="sun.os.patch.level" value="unknown"/>
    <property name="java.library.path" value="/Users/pshah/Library/Java/Extensions:/Library/Java/Extensions:/Network/Library/Java/Extensions:/System/Library/Java/Extensions:/usr/lib/java:."/>
    <property name="java.vm.info" value="mixed mode"/>
    <property name="java.vendor" value="Oracle Corporation"/>
    <property name="java.vm.version" value="25.91-b14"/>
    <property name="java.ext.dirs" value="/Users/pshah/Library/Java/Extensions:/Library/Java/JavaVirtualMachines/jdk1.8.0_91.jdk/Contents/Home/jre/lib/ext:/Library/Java/Extensions:/Network/Library/Java/Extensions:/System/Library/Java/Extensions:/usr/lib/java"/>
    <property name="sun.io.unicode.encoding" value="UnicodeBig"/>
    <property name="java.class.version" value="52.0"/>
    <property name="socksNonProxyHosts" value="local|*.local|169.254/16|*.169.254/16"/>
  </properties>
  <testcase name="inputArray20With8" classname="rhsso.authenticator.challenge.PUKChallengeTest" time="0.019"/>
  <testcase name="inputArray7With3" classname="rhsso.authenticator.challenge.PUKChallengeTest" time="0"/>
  <testcase name="instance" classname="rhsso.authenticator.challenge.PUKChallengeTest" time="0.001"/>
  <testcase name="inputArray10With3" classname="rhsso.authenticator.challenge.PUKChallengeTest" time="0.001"/>
  <testcase name="setInputArray" classname="rhsso.authenticator.challenge.PUKChallengeTest" time="0.001"/>
</testsuite>